#
# There is insufficient memory for the Java Runtime Environment to continue.
# Native memory allocation (mmap) failed to map 125829120 bytes for G1 virtual space
# Possible reasons:
#   The system is out of physical RAM or swap space
#   The process is running with CompressedOops enabled, and the Java Heap may be blocking the growth of the native heap
# Possible solutions:
#   Reduce memory load on the system
#   Increase physical memory or swap space
#   Check if swap backing store is full
#   Decrease Java heap size (-Xmx/-Xms)
#   Decrease number of Java threads
#   Decrease Java thread stack sizes (-Xss)
#   Set larger code cache with -XX:ReservedCodeCacheSize=
#   JVM is running with Unscaled Compressed Oops mode in which the Java heap is
#     placed in the first 4GB address space. The Java Heap base address is the
#     maximum limit for the native heap growth. Please use -XX:HeapBaseMinAddress
#     to set the Java Heap base and to place the Java Heap above 4GB virtual address.
# This output file may be truncated or incomplete.
#
#  Out of Memory Error (os_windows.cpp:3603), pid=3504, tid=25456
#
# JRE version:  (21.0.7+8) (build )
# Java VM: Java HotSpot(TM) 64-Bit Server VM (21.0.7+8-LTS-245, mixed mode, sharing, tiered, compressed oops, compressed class ptrs, g1 gc, windows-amd64)
# No core dump will be written. Minidumps are not enabled by default on client versions of Windows
#

---------------  S U M M A R Y ------------

Command Line: org.jetbrains.kotlin.cli.jvm.K2JVMCompiler @C:\Users\oscar\WebstormProjects\DSAiOS\node_modules\@react-native\gradle-plugin\shared\build\20250603_12127890057606322792.compiler.options

Host: Intel(R) Core(TM) i5-8350U CPU @ 1.70GHz, 8 cores, 7G,  Windows 11 , 64 bit Build 22621 (10.0.22621.5262)
Time: Tue Jun  3 18:57:58 2025 E. Africa Standard Time elapsed time: 0.021396 seconds (0d 0h 0m 0s)

---------------  T H R E A D  ---------------

Current thread (0x00000206898dc270):  JavaThread "Unknown thread" [_thread_in_vm, id=25456, stack(0x0000004c24200000,0x0000004c24300000) (1024K)]

Stack: [0x0000004c24200000,0x0000004c24300000]
Native frames: (J=compiled Java code, j=interpreted, Vv=VM code, C=native code)
V  [jvm.dll+0x6cae19]
V  [jvm.dll+0x855741]
V  [jvm.dll+0x857c6e]
V  [jvm.dll+0x858343]
V  [jvm.dll+0x27e0b6]
V  [jvm.dll+0x6c7595]
V  [jvm.dll+0x6bc0fa]
V  [jvm.dll+0x353eaa]
V  [jvm.dll+0x35bb26]
V  [jvm.dll+0x3ae52e]
V  [jvm.dll+0x3ae7d8]
V  [jvm.dll+0x3281bc]
V  [jvm.dll+0x328d1b]
V  [jvm.dll+0x81eaf9]
V  [jvm.dll+0x3bb211]
V  [jvm.dll+0x807d78]
V  [jvm.dll+0x4503ee]
V  [jvm.dll+0x451fe1]
C  [jli.dll+0x52a3]
C  [ucrtbase.dll+0x29333]
C  [KERNEL32.DLL+0x1259d]
C  [ntdll.dll+0x5af58]


---------------  P R O C E S S  ---------------

Threads class SMR info:
_java_thread_list=0x00007ffacb74cc48, length=0, elements={
}

Java Threads: ( => current thread )
Total: 0

Other Threads:
  0x000002068bb97b00 WorkerThread "GC Thread#0"                     [id=19132, stack(0x0000004c24300000,0x0000004c24400000) (1024K)]
  0x000002068bba80e0 ConcurrentGCThread "G1 Main Marker"            [id=25416, stack(0x0000004c24400000,0x0000004c24500000) (1024K)]
  0x000002068bba8be0 WorkerThread "G1 Conc#0"                       [id=5524, stack(0x0000004c24500000,0x0000004c24600000) (1024K)]

[error occurred during error reporting (printing all threads), id 0xc0000005, EXCEPTION_ACCESS_VIOLATION (0xc0000005) at pc=0x00007ffacaeba947]
VM state: not at safepoint (not fully initialized)

VM Mutex/Monitor currently owned by a thread:  ([mutex/lock_event])
[0x00007ffacb7bdf50] Heap_lock - owner thread: 0x00000206898dc270

Heap address: 0x0000000089e00000, size: 1890 MB, Compressed Oops mode: 32-bit

CDS archive(s) mapped at: [0x0000000000000000-0x0000000000000000-0x0000000000000000), size 0, SharedBaseAddress: 0x0000000800000000, ArchiveRelocationMode: 1.
Narrow klass base: 0x0000000000000000, Narrow klass shift: 0, Narrow klass range: 0x0

GC Precious Log:
 CardTable entry size: 512
 Card Set container configuration: InlinePtr #cards 5 size 8 Array Of Cards #cards 12 size 40 Howl #buckets 4 coarsen threshold 1843 Howl Bitmap #cards 512 size 80 coarsen threshold 460 Card regions per heap region 1 cards per card region 2048

Heap:
 garbage-first heap   total 0K, used 0K [0x0000000089e00000, 0x0000000100000000)
  region size 1024K, 0 young (0K), 0 survivors (0K)

[error occurred during error reporting (printing heap information), id 0xc0000005, EXCEPTION_ACCESS_VIOLATION (0xc0000005) at pc=0x00007ffacb2a3e79]
GC Heap History (0 events):
No events

Dll operation events (1 events):
Event: 0.013 Loaded shared library C:\Program Files\Java\jdk-21\bin\java.dll

Deoptimization events (0 events):
No events

Classes loaded (0 events):
No events

Classes unloaded (0 events):
No events

Classes redefined (0 events):
No events

Internal exceptions (0 events):
No events

ZGC Phase Switch (0 events):
No events

VM Operations (0 events):
No events

Events (0 events):
No events


Dynamic libraries:
0x00007ff65bcf0000 - 0x00007ff65bd00000 	C:\Program Files\Java\jdk-21\bin\java.exe
0x00007ffb58350000 - 0x00007ffb58567000 	C:\WINDOWS\SYSTEM32\ntdll.dll
0x00007ffb573c0000 - 0x00007ffb57484000 	C:\WINDOWS\System32\KERNEL32.DLL
0x00007ffb55930000 - 0x00007ffb55d03000 	C:\WINDOWS\System32\KERNELBASE.dll
0x00007ffb556d0000 - 0x00007ffb557e1000 	C:\WINDOWS\System32\ucrtbase.dll
0x00007ffb2f1e0000 - 0x00007ffb2f1f9000 	C:\Program Files\Java\jdk-21\bin\jli.dll
0x00007ffb2f200000 - 0x00007ffb2f21b000 	C:\Program Files\Java\jdk-21\bin\VCRUNTIME140.dll
0x00007ffb570b0000 - 0x00007ffb57161000 	C:\WINDOWS\System32\ADVAPI32.dll
0x00007ffb571f0000 - 0x00007ffb57297000 	C:\WINDOWS\System32\msvcrt.dll
0x00007ffb56dd0000 - 0x00007ffb56e77000 	C:\WINDOWS\System32\sechost.dll
0x00007ffb55d10000 - 0x00007ffb55d38000 	C:\WINDOWS\System32\bcrypt.dll
0x00007ffb572a0000 - 0x00007ffb573b4000 	C:\WINDOWS\System32\RPCRT4.dll
0x00007ffb580a0000 - 0x00007ffb58251000 	C:\WINDOWS\System32\USER32.dll
0x00007ffb42d30000 - 0x00007ffb42fcb000 	C:\WINDOWS\WinSxS\amd64_microsoft.windows.common-controls_6595b64144ccf1df_6.0.22621.5262_none_2712bde373830908\COMCTL32.dll
0x00007ffb55d40000 - 0x00007ffb55d66000 	C:\WINDOWS\System32\win32u.dll
0x00007ffb56690000 - 0x00007ffb566b9000 	C:\WINDOWS\System32\GDI32.dll
0x00007ffb55d70000 - 0x00007ffb55e92000 	C:\WINDOWS\System32\gdi32full.dll
0x00007ffb55440000 - 0x00007ffb554da000 	C:\WINDOWS\System32\msvcp_win.dll
0x00007ffb490a0000 - 0x00007ffb490aa000 	C:\WINDOWS\SYSTEM32\VERSION.dll
0x00007ffb582d0000 - 0x00007ffb58301000 	C:\WINDOWS\System32\IMM32.DLL
0x00007ffb2fe70000 - 0x00007ffb2fe7c000 	C:\Program Files\Java\jdk-21\bin\vcruntime140_1.dll
0x00007ffb2f0b0000 - 0x00007ffb2f13e000 	C:\Program Files\Java\jdk-21\bin\msvcp140.dll
0x00007ffacab80000 - 0x00007ffacb89a000 	C:\Program Files\Java\jdk-21\bin\server\jvm.dll
0x00007ffb57780000 - 0x00007ffb577f1000 	C:\WINDOWS\System32\WS2_32.dll
0x00007ffb55310000 - 0x00007ffb5535d000 	C:\WINDOWS\SYSTEM32\POWRPROF.dll
0x00007ffb4ff00000 - 0x00007ffb4ff34000 	C:\WINDOWS\SYSTEM32\WINMM.dll
0x00007ffb552f0000 - 0x00007ffb55303000 	C:\WINDOWS\SYSTEM32\UMPDC.dll
0x00007ffb54480000 - 0x00007ffb54498000 	C:\WINDOWS\SYSTEM32\kernel.appcore.dll
0x00007ffb2f4c0000 - 0x00007ffb2f4ca000 	C:\Program Files\Java\jdk-21\bin\jimage.dll
0x00007ffb52e40000 - 0x00007ffb53072000 	C:\WINDOWS\SYSTEM32\DBGHELP.DLL
0x00007ffb562f0000 - 0x00007ffb56683000 	C:\WINDOWS\System32\combase.dll
0x00007ffb56210000 - 0x00007ffb562e7000 	C:\WINDOWS\System32\OLEAUT32.dll
0x00007ffb42630000 - 0x00007ffb42662000 	C:\WINDOWS\SYSTEM32\dbgcore.DLL
0x00007ffb558b0000 - 0x00007ffb5592b000 	C:\WINDOWS\System32\bcryptPrimitives.dll
0x00007ffb2ec30000 - 0x00007ffb2ec4f000 	C:\Program Files\Java\jdk-21\bin\java.dll

dbghelp: loaded successfully - version: 4.0.5 - missing functions: none
symbol engine: initialized successfully - sym options: 0x614 - pdb path: .;C:\Program Files\Java\jdk-21\bin;C:\WINDOWS\SYSTEM32;C:\WINDOWS\WinSxS\amd64_microsoft.windows.common-controls_6595b64144ccf1df_6.0.22621.5262_none_2712bde373830908;C:\Program Files\Java\jdk-21\bin\server

VM Arguments:
java_command: org.jetbrains.kotlin.cli.jvm.K2JVMCompiler @C:\Users\oscar\WebstormProjects\DSAiOS\node_modules\@react-native\gradle-plugin\shared\build\20250603_12127890057606322792.compiler.options
java_class_path (initial): C:\Users\oscar\.gradle\caches\modules-2\files-2.1\org.jetbrains.kotlin\kotlin-compiler-embeddable\1.9.24\78dab849090e6c5e2eadb6e59a11cdc28fb67a08\kotlin-compiler-embeddable-1.9.24.jar;C:\Users\oscar\.gradle\caches\modules-2\files-2.1\org.jetbrains.kotlin\kotlin-stdlib\1.9.24\9928532f12c66ad816a625b3f9984f8368ca6d2b\kotlin-stdlib-1.9.24.jar;C:\Users\oscar\.gradle\caches\modules-2\files-2.1\org.jetbrains.kotlin\kotlin-script-runtime\1.9.24\96771497da90fbc5af1c90fce148db2595a62502\kotlin-script-runtime-1.9.24.jar;C:\Users\oscar\.gradle\caches\modules-2\files-2.1\org.jetbrains.kotlin\kotlin-reflect\1.6.10\1cbe9c92c12a94eea200d23c2bbaedaf3daf5132\kotlin-reflect-1.6.10.jar;C:\Users\oscar\.gradle\caches\modules-2\files-2.1\org.jetbrains.kotlin\kotlin-daemon-embeddable\1.9.24\86685b9c5e8d170925bd9ddbdc263374a6a73281\kotlin-daemon-embeddable-1.9.24.jar;C:\Users\oscar\.gradle\caches\modules-2\files-2.1\org.jetbrains.intellij.deps\trove4j\1.0.20200330\3afb14d5f9ceb459d724e907a21145e8ff394f02\trove4j-1.0.20200330.jar;C:\Users\oscar\.gradle\caches\modules-2\files-2.1\org.jetbrains\annotations\13.0\919f0dfe192fb4e063e7dacadee7f8bb9a2672a9\annotations-13.0.jar
Launcher Type: SUN_STANDARD

[Global flags]
     intx CICompilerCount                          = 4                                         {product} {ergonomic}
     uint ConcGCThreads                            = 2                                         {product} {ergonomic}
     uint G1ConcRefinementThreads                  = 8                                         {product} {ergonomic}
   size_t G1HeapRegionSize                         = 1048576                                   {product} {ergonomic}
    uintx GCDrainStackTargetSize                   = 64                                        {product} {ergonomic}
   size_t InitialHeapSize                          = 125829120                                 {product} {ergonomic}
   size_t MarkStackSize                            = 4194304                                   {product} {ergonomic}
   size_t MaxHeapSize                              = 1981808640                                {product} {ergonomic}
   size_t MinHeapDeltaBytes                        = 1048576                                   {product} {ergonomic}
   size_t MinHeapSize                              = 8388608                                   {product} {ergonomic}
    uintx NonNMethodCodeHeapSize                   = 5839372                                {pd product} {ergonomic}
    uintx NonProfiledCodeHeapSize                  = 122909434                              {pd product} {ergonomic}
    uintx ProfiledCodeHeapSize                     = 122909434                              {pd product} {ergonomic}
    uintx ReservedCodeCacheSize                    = 251658240                              {pd product} {ergonomic}
     bool SegmentedCodeCache                       = true                                      {product} {ergonomic}
   size_t SoftMaxHeapSize                          = 1981808640                             {manageable} {ergonomic}
     bool UseCompressedOops                        = true                           {product lp64_product} {ergonomic}
     bool UseG1GC                                  = true                                      {product} {ergonomic}
     bool UseLargePagesIndividualAllocation        = false                                  {pd product} {ergonomic}

Logging:
Log output configuration:
 #0: stdout all=warning uptime,level,tags foldmultilines=false
 #1: stderr all=off uptime,level,tags foldmultilines=false

Environment Variables:
JAVA_HOME=C:\Program Files\Java\jdk-21
PATH=C:\Python313\Scripts\;C:\Python313\;C:\Program Files\Common Files\Oracle\Java\javapath;C:\WINDOWS\system32;C:\WINDOWS;C:\WINDOWS\System32\Wbem;C:\WINDOWS\System32\WindowsPowerShell\v1.0\;C:\WINDOWS\System32\OpenSSH\;C:\ProgramData\chocolatey\bin;C:\Program Files\Git\cmd;C:\Program Files\nodejs\;C:\Users\oscar\AppData\Local\jdk-11.0.2\bin;C:\Program Files\MySQL\MySQL Shell 8.0\bin\;C:\Users\oscar\AppData\Local\Microsoft\WindowsApps;;C:\Program Files\JetBrains\WebStorm 2024.2.2\bin;;C:\Users\oscar\AppData\Local\Programs\Microsoft VS Code\bin;C:\Users\oscar\AppData\Roaming\npm
USERNAME=oscar
OS=Windows_NT
PROCESSOR_IDENTIFIER=Intel64 Family 6 Model 142 Stepping 10, GenuineIntel
TMP=C:\Users\oscar\AppData\Local\Temp
TEMP=C:\Users\oscar\AppData\Local\Temp




Periodic native trim disabled

---------------  S Y S T E M  ---------------

OS:
 Windows 11 , 64 bit Build 22621 (10.0.22621.5262)
OS uptime: 6 days 2:59 hours

CPU: total 8 (initial active 8) (4 cores per cpu, 2 threads per core) family 6 model 142 stepping 10 microcode 0xf6, cx8, cmov, fxsr, ht, mmx, 3dnowpref, sse, sse2, sse3, ssse3, sse4.1, sse4.2, popcnt, lzcnt, tsc, tscinvbit, avx, avx2, aes, erms, clmul, bmi1, bmi2, rtm, adx, fma, vzeroupper, clflush, clflushopt, rdtscp, f16c
Processor Information for all 8 processors :
  Max Mhz: 1896, Current Mhz: 1696, Mhz Limit: 1687

Memory: 4k page, system-wide physical 7555M (630M free)
TotalPageFile size 31107M (AvailPageFile size 33M)
current process WorkingSet (physical memory assigned to process): 11M, peak: 11M
current process commit charge ("private bytes"): 60M, peak: 180M

vm_info: Java HotSpot(TM) 64-Bit Server VM (21.0.7+8-LTS-245) for windows-amd64 JRE (21.0.7+8-LTS-245), built on 2025-02-21T05:11:27Z by "mach5one" with MS VC++ 17.6 (VS2022)

END.
